g:\documenti\polimi\1_2\cmls\2-plugins\homework\flanger_private\flanger\builds\visualstudio2022\x64\debug\shared code\flanger.pdb
g:\documenti\polimi\1_2\cmls\2-plugins\homework\flanger_private\flanger\builds\visualstudio2022\x64\debug\shared code\include_juce_gui_basics.obj
g:\documenti\polimi\1_2\cmls\2-plugins\homework\flanger_private\flanger\builds\visualstudio2022\x64\debug\shared code\include_juce_box2d.obj
g:\documenti\polimi\1_2\cmls\2-plugins\homework\flanger_private\flanger\builds\visualstudio2022\x64\debug\shared code\include_juce_events.obj
g:\documenti\polimi\1_2\cmls\2-plugins\homework\flanger_private\flanger\builds\visualstudio2022\x64\debug\shared code\plugineditor.obj
g:\documenti\polimi\1_2\cmls\2-plugins\homework\flanger_private\flanger\builds\visualstudio2022\x64\debug\shared code\include_juce_core.obj
g:\documenti\polimi\1_2\cmls\2-plugins\homework\flanger_private\flanger\builds\visualstudio2022\x64\debug\shared code\include_juce_audio_formats.obj
g:\documenti\polimi\1_2\cmls\2-plugins\homework\flanger_private\flanger\builds\visualstudio2022\x64\debug\shared code\include_juce_osc.obj
g:\documenti\polimi\1_2\cmls\2-plugins\homework\flanger_private\flanger\builds\visualstudio2022\x64\debug\shared code\lfosliders.obj
g:\documenti\polimi\1_2\cmls\2-plugins\homework\flanger_private\flanger\builds\visualstudio2022\x64\debug\shared code\include_juce_video.obj
g:\documenti\polimi\1_2\cmls\2-plugins\homework\flanger_private\flanger\builds\visualstudio2022\x64\debug\shared code\pluginprocessor.obj
g:\documenti\polimi\1_2\cmls\2-plugins\homework\flanger_private\flanger\builds\visualstudio2022\x64\debug\shared code\include_juce_audio_basics.obj
g:\documenti\polimi\1_2\cmls\2-plugins\homework\flanger_private\flanger\builds\visualstudio2022\x64\debug\shared code\include_juce_graphics.obj
g:\documenti\polimi\1_2\cmls\2-plugins\homework\flanger_private\flanger\builds\visualstudio2022\x64\debug\shared code\include_juce_audio_utils.obj
g:\documenti\polimi\1_2\cmls\2-plugins\homework\flanger_private\flanger\builds\visualstudio2022\x64\debug\shared code\include_juce_data_structures.obj
g:\documenti\polimi\1_2\cmls\2-plugins\homework\flanger_private\flanger\builds\visualstudio2022\x64\debug\shared code\include_juce_dsp.obj
g:\documenti\polimi\1_2\cmls\2-plugins\homework\flanger_private\flanger\builds\visualstudio2022\x64\debug\shared code\include_juce_audio_processors.obj
g:\documenti\polimi\1_2\cmls\2-plugins\homework\flanger_private\flanger\builds\visualstudio2022\x64\debug\shared code\include_juce_audio_plugin_client_utils.obj
g:\documenti\polimi\1_2\cmls\2-plugins\homework\flanger_private\flanger\builds\visualstudio2022\x64\debug\shared code\include_juce_opengl.obj
g:\documenti\polimi\1_2\cmls\2-plugins\homework\flanger_private\flanger\builds\visualstudio2022\x64\debug\shared code\include_juce_audio_devices.obj
g:\documenti\polimi\1_2\cmls\2-plugins\homework\flanger_private\flanger\builds\visualstudio2022\x64\debug\shared code\include_juce_gui_extra.obj
g:\documenti\polimi\1_2\cmls\2-plugins\homework\flanger_private\flanger\builds\visualstudio2022\x64\debug\shared code\flanger.lib
g:\documenti\polimi\1_2\cmls\2-plugins\homework\flanger_private\flanger\builds\visualstudio2022\x64\debug\shared code\flanger_.08628521.tlog\cl.command.1.tlog
g:\documenti\polimi\1_2\cmls\2-plugins\homework\flanger_private\flanger\builds\visualstudio2022\x64\debug\shared code\flanger_.08628521.tlog\cl.read.1.tlog
g:\documenti\polimi\1_2\cmls\2-plugins\homework\flanger_private\flanger\builds\visualstudio2022\x64\debug\shared code\flanger_.08628521.tlog\cl.write.1.tlog
g:\documenti\polimi\1_2\cmls\2-plugins\homework\flanger_private\flanger\builds\visualstudio2022\x64\debug\shared code\flanger_.08628521.tlog\lib-link.read.1.tlog
g:\documenti\polimi\1_2\cmls\2-plugins\homework\flanger_private\flanger\builds\visualstudio2022\x64\debug\shared code\flanger_.08628521.tlog\lib-link.write.1.tlog
g:\documenti\polimi\1_2\cmls\2-plugins\homework\flanger_private\flanger\builds\visualstudio2022\x64\debug\shared code\flanger_.08628521.tlog\lib.command.1.tlog
